<?xml version="1.0" encoding="UTF-8"?>
<!-- Generated by org.testng.reporters.JUnitXMLReporter -->
<testsuite ignored="0" hostname="DESKTOP-SQMA1VG" failures="0" tests="2" name="Default test" time="44.302" errors="0" timestamp="03 Jan 2021 04:17:02 GMT">
  <testcase classname="org.training.tests.TC_Demo_001_ValidateLoginFeature" name="checklogin" time="6.732"/>
  <testcase classname="org.training.tests.TC_Demo_001_ValidateLoginFeature" name="checklogin" time="6.477"/>
</testsuite> <!-- Default test -->
